Línea 79: la clase MSAdodcLib.Adodc del control Adodc1 no era una clase de control cargada.
Línea 84: el nombre de la propiedad _ExtentX de Adodc1 no es válido.
Línea 85: el nombre de la propiedad _ExtentY de Adodc1 no es válido.
Línea 86: el nombre de la propiedad ConnectMode de Adodc1 no es válido.
Línea 87: el nombre de la propiedad CursorLocation de Adodc1 no es válido.
Línea 88: el nombre de la propiedad IsolationLevel de Adodc1 no es válido.
Línea 89: el nombre de la propiedad ConnectionTimeout de Adodc1 no es válido.
Línea 90: el nombre de la propiedad CommandTimeout de Adodc1 no es válido.
Línea 91: el nombre de la propiedad CursorType de Adodc1 no es válido.
Línea 92: el nombre de la propiedad LockType de Adodc1 no es válido.
Línea 93: el nombre de la propiedad CommandType de Adodc1 no es válido.
Línea 94: el nombre de la propiedad CursorOptions de Adodc1 no es válido.
Línea 95: el nombre de la propiedad CacheSize de Adodc1 no es válido.
Línea 96: el nombre de la propiedad MaxRecords de Adodc1 no es válido.
Línea 97: el nombre de la propiedad BOFAction de Adodc1 no es válido.
Línea 98: el nombre de la propiedad EOFAction de Adodc1 no es válido.
Línea 99: el nombre de la propiedad ConnectStringType de Adodc1 no es válido.
Línea 103: el nombre de la propiedad Orientation de Adodc1 no es válido.
Línea 105: el nombre de la propiedad Connect de Adodc1 no es válido.
Línea 106: el nombre de la propiedad OLEDBString de Adodc1 no es válido.
Línea 107: el nombre de la propiedad OLEDBFile de Adodc1 no es válido.
Línea 108: el nombre de la propiedad DataSourceName de Adodc1 no es válido.
Línea 109: el nombre de la propiedad OtherAttributes de Adodc1 no es válido.
Línea 110: el nombre de la propiedad UserName de Adodc1 no es válido.
Línea 111: el nombre de la propiedad Password de Adodc1 no es válido.
Línea 112: el nombre de la propiedad RecordSource de Adodc1 no es válido.
Línea 113: el nombre de la propiedad Caption de Adodc1 no es válido.
Línea 123: el nombre de la propiedad _Version de Adodc1 no es válido.
