Línea 62: la clase MSDataGridLib.DataGrid del control DataGrid1 no era una clase de control cargada.
Línea 127: la clase MSAdodcLib.Adodc del control Adodc1 no era una clase de control cargada.
Línea 63: el nombre de la propiedad Bindings de DataGrid1 no es válido.
Línea 69: el nombre de la propiedad _ExtentX de DataGrid1 no es válido.
Línea 70: el nombre de la propiedad _ExtentY de DataGrid1 no es válido.
Línea 71: el nombre de la propiedad _Version de DataGrid1 no es válido.
Línea 72: el nombre de la propiedad HeadLines de DataGrid1 no es válido.
Línea 73: el nombre de la propiedad RowHeight de DataGrid1 no es válido.
Línea 82: el nombre de la propiedad HeadFont de DataGrid1 no es válido.
Línea 92: el nombre de la propiedad ColumnCount de DataGrid1 no es válido.
Línea 105: el nombre de la propiedad Column00 de DataGrid1 no es válido.
Línea 118: el nombre de la propiedad Column01 de DataGrid1 no es válido.
Línea 119: el nombre de la propiedad SplitCount de DataGrid1 no es válido.
Línea 125: el nombre de la propiedad Split0 de DataGrid1 no es válido.
Línea 132: el nombre de la propiedad _ExtentX de Adodc1 no es válido.
Línea 133: el nombre de la propiedad _ExtentY de Adodc1 no es válido.
Línea 134: el nombre de la propiedad ConnectMode de Adodc1 no es válido.
Línea 135: el nombre de la propiedad CursorLocation de Adodc1 no es válido.
Línea 136: el nombre de la propiedad IsolationLevel de Adodc1 no es válido.
Línea 137: el nombre de la propiedad ConnectionTimeout de Adodc1 no es válido.
Línea 138: el nombre de la propiedad CommandTimeout de Adodc1 no es válido.
Línea 139: el nombre de la propiedad CursorType de Adodc1 no es válido.
Línea 140: el nombre de la propiedad LockType de Adodc1 no es válido.
Línea 141: el nombre de la propiedad CommandType de Adodc1 no es válido.
Línea 142: el nombre de la propiedad CursorOptions de Adodc1 no es válido.
Línea 143: el nombre de la propiedad CacheSize de Adodc1 no es válido.
Línea 144: el nombre de la propiedad MaxRecords de Adodc1 no es válido.
Línea 145: el nombre de la propiedad BOFAction de Adodc1 no es válido.
Línea 146: el nombre de la propiedad EOFAction de Adodc1 no es válido.
Línea 147: el nombre de la propiedad ConnectStringType de Adodc1 no es válido.
Línea 151: el nombre de la propiedad Orientation de Adodc1 no es válido.
Línea 153: el nombre de la propiedad Connect de Adodc1 no es válido.
Línea 154: el nombre de la propiedad OLEDBString de Adodc1 no es válido.
Línea 155: el nombre de la propiedad OLEDBFile de Adodc1 no es válido.
Línea 156: el nombre de la propiedad DataSourceName de Adodc1 no es válido.
Línea 157: el nombre de la propiedad OtherAttributes de Adodc1 no es válido.
Línea 158: el nombre de la propiedad UserName de Adodc1 no es válido.
Línea 159: el nombre de la propiedad Password de Adodc1 no es válido.
Línea 160: el nombre de la propiedad RecordSource de Adodc1 no es válido.
Línea 161: el nombre de la propiedad Caption de Adodc1 no es válido.
Línea 171: el nombre de la propiedad _Version de Adodc1 no es válido.
