Línea 42: la clase WMPLibCtl.WindowsMediaPlayer del control WindowsMediaPlayer1 no era una clase de control cargada.
Línea 48: el nombre de la propiedad URL de WindowsMediaPlayer1 no es válido.
Línea 49: el nombre de la propiedad rate de WindowsMediaPlayer1 no es válido.
Línea 50: el nombre de la propiedad balance de WindowsMediaPlayer1 no es válido.
Línea 51: el nombre de la propiedad currentPosition de WindowsMediaPlayer1 no es válido.
Línea 52: el nombre de la propiedad defaultFrame de WindowsMediaPlayer1 no es válido.
Línea 53: el nombre de la propiedad playCount de WindowsMediaPlayer1 no es válido.
Línea 54: el nombre de la propiedad autoStart de WindowsMediaPlayer1 no es válido.
Línea 55: el nombre de la propiedad currentMarker de WindowsMediaPlayer1 no es válido.
Línea 56: el nombre de la propiedad invokeURLs de WindowsMediaPlayer1 no es válido.
Línea 57: el nombre de la propiedad baseURL de WindowsMediaPlayer1 no es válido.
Línea 58: el nombre de la propiedad volume de WindowsMediaPlayer1 no es válido.
Línea 59: el nombre de la propiedad mute de WindowsMediaPlayer1 no es válido.
Línea 60: el nombre de la propiedad uiMode de WindowsMediaPlayer1 no es válido.
Línea 61: el nombre de la propiedad stretchToFit de WindowsMediaPlayer1 no es válido.
Línea 62: el nombre de la propiedad windowlessVideo de WindowsMediaPlayer1 no es válido.
Línea 64: el nombre de la propiedad enableContextMenu de WindowsMediaPlayer1 no es válido.
Línea 65: el nombre de la propiedad fullScreen de WindowsMediaPlayer1 no es válido.
Línea 66: el nombre de la propiedad SAMIStyle de WindowsMediaPlayer1 no es válido.
Línea 67: el nombre de la propiedad SAMILang de WindowsMediaPlayer1 no es válido.
Línea 68: el nombre de la propiedad SAMIFilename de WindowsMediaPlayer1 no es válido.
Línea 69: el nombre de la propiedad captioningID de WindowsMediaPlayer1 no es válido.
Línea 70: el nombre de la propiedad enableErrorDialogs de WindowsMediaPlayer1 no es válido.
Línea 71: el nombre de la propiedad _cx de WindowsMediaPlayer1 no es válido.
Línea 72: el nombre de la propiedad _cy de WindowsMediaPlayer1 no es válido.
